[
  {
    "QUERY PLAN": "Nested Loop Left Join  (cost=11275.84..31694.42 rows=1 width=1263) (actual time=1213.372..3043.741 rows=2 loops=1)"
  },
  {
    "QUERY PLAN": "  Join Filter: ((word_entries.\"wordWord\")::text = (word.word)::text)"
  },
  {
    "QUERY PLAN": "  ->  Gather  (cost=1000.00..16942.02 rows=1 width=12) (actual time=42.243..42.459 rows=1 loops=1)"
  },
  {
    "QUERY PLAN": "        Workers Planned: 2"
  },
  {
    "QUERY PLAN": "        Workers Launched: 2"
  },
  {
    "QUERY PLAN": "        ->  Parallel Seq Scan on word  (cost=0.00..15941.92 rows=1 width=12) (actual time=25.641..31.092 rows=0 loops=3)"
  },
  {
    "QUERY PLAN": "              Filter: ((word)::text = 'amoenus'::text)"
  },
  {
    "QUERY PLAN": "              Rows Removed by Filter: 339314"
  },
  {
    "QUERY PLAN": "  ->  Hash Right Join  (cost=10275.84..14752.39 rows=1 width=1263) (actual time=1171.104..3001.201 rows=2 loops=1)"
  },
  {
    "QUERY PLAN": "        Hash Cond: ((translations.\"entryId\")::text = (entries.id)::text)"
  },
  {
    "QUERY PLAN": "        ->  Seq Scan on translation translations  (cost=0.00..4022.85 rows=120985 width=65) (actual time=1.054..990.188 rows=120985 loops=1)"
  },
  {
    "QUERY PLAN": "        ->  Hash  (cost=10275.83..10275.83 rows=1 width=1198) (actual time=1049.713..1049.775 rows=1 loops=1)"
  },
  {
    "QUERY PLAN": "              Buckets: 1024  Batches: 1  Memory Usage: 10kB"
  },
  {
    "QUERY PLAN": "              ->  Hash Right Join  (cost=8.46..10275.83 rows=1 width=1198) (actual time=171.071..1049.688 rows=1 loops=1)"
  },
  {
    "QUERY PLAN": "                    Hash Cond: ((entries.id)::text = (word_entries.\"entryId\")::text)"
  },
  {
    "QUERY PLAN": "                    ->  Seq Scan on entry entries  (cost=0.00..9970.58 rows=113058 width=1186) (actual time=0.052..540.814 rows=62043 loops=1)"
  },
  {
    "QUERY PLAN": "                    ->  Hash  (cost=8.45..8.45 rows=1 width=23) (actual time=0.211..0.232 rows=1 loops=1)"
  },
  {
    "QUERY PLAN": "                          Buckets: 1024  Batches: 1  Memory Usage: 9kB"
  },
  {
    "QUERY PLAN": "                          ->  Index Only Scan using \"PK_a3f448825f627a6594e3771edca\" on word_entries_entry word_entries  (cost=0.43..8.45 rows=1 width=23) (actual time=0.030..0.066 rows=1 loops=1)"
  },
  {
    "QUERY PLAN": "                                Index Cond: (\"wordWord\" = 'amoenus'::text)"
  },
  {
    "QUERY PLAN": "                                Heap Fetches: 0"
  },
  {
    "QUERY PLAN": "Planning Time: 7.705 ms"
  },
  {
    "QUERY PLAN": "Execution Time: 3043.931 ms"
  }
]
